<?xml version="1.0" encoding="UTF-8"?>
<!-- Generated by org.testng.reporters.JUnitXMLReporter -->
<testsuite ignored="0" hostname="Ajeesh-Laptop" failures="0" tests="16" name="TestRunner" time="20.769" errors="0" timestamp="2022-09-19T16:02:44 IST">
  <testcase classname="Testcases.GetSingleUser" name="getSingleUser" time="1.628"/>
  <testcase classname="Testcases.GetSingleUserNotFound" name="getSingleUseNotFound" time="0.498"/>
  <testcase classname="Testcases.GetListUser" name="f" time="0.506"/>
  <testcase classname="Testcases.GetListResourses" name="getListResourses" time="0.53"/>
  <testcase classname="Testcases.GetSingleResourse" name="getSingleResourses" time="0.496"/>
  <testcase classname="Testcases.GetSingleResoursesNotFound" name="getSingleResoursesNotFound" time="0.515"/>
  <testcase classname="Testcases.GetDelayResponse" name="getDelayResponse" time="3.972"/>
  <testcase classname="Testcases.LoginSuccessful" name="loginSucessful" time="1.114"/>
  <testcase classname="Testcases.LoginUnSuccessful" name="f" time="4.244"/>
  <testcase classname="Testcases.RegisterSuccessful" name="registerSuccessful" time="1.065"/>
  <testcase classname="Testcases.RegisterUnSuccessful" name="registerUnSuccessful" time="1.021"/>
  <testcase classname="Testcases.Post" name="postCreate" time="1.136"/>
  <testcase classname="Testcases.Delete" name="deleteMethod" time="0.921"/>
  <testcase classname="Testcases.Put" name="update" time="1.138"/>
  <testcase classname="Testcases.InvalidDelete" name="deleteMethod" time="0.865"/>
  <testcase classname="Testcases.Patch" name="update" time="1.074"/>
</testsuite> <!-- TestRunner -->
