<?xml version="1.0" encoding="UTF-8"?>
<testng-results ignored="0" total="16" passed="16" failed="0" skipped="0">
  <reporter-output>
  </reporter-output>
  <suite started-at="2022-09-19T16:02:23 IST" name="Suite" finished-at="2022-09-19T16:02:44 IST" duration-ms="20769">
    <groups>
    </groups>
    <test started-at="2022-09-19T16:02:23 IST" name="TestRunner" finished-at="2022-09-19T16:02:44 IST" duration-ms="20769">
      <class name="Testcases.GetSingleResoursesNotFound">
        <test-method signature="getSingleResoursesNotFound()[pri:0, instance:Testcases.GetSingleResoursesNotFound@e056f20]" started-at="2022-09-19T16:02:27 IST" name="getSingleResoursesNotFound" finished-at="2022-09-19T16:02:27 IST" duration-ms="515" status="PASS">
          <reporter-output>
          </reporter-output>
        </test-method> <!-- getSingleResoursesNotFound -->
      </class> <!-- Testcases.GetSingleResoursesNotFound -->
      <class name="Testcases.GetSingleResourse">
        <test-method signature="getSingleResourses()[pri:0, instance:Testcases.GetSingleResourse@34b7ac2f]" started-at="2022-09-19T16:02:26 IST" name="getSingleResourses" finished-at="2022-09-19T16:02:27 IST" duration-ms="496" status="PASS">
          <reporter-output>
          </reporter-output>
        </test-method> <!-- getSingleResourses -->
      </class> <!-- Testcases.GetSingleResourse -->
      <class name="Testcases.Put">
        <test-method signature="update()[pri:0, instance:Testcases.Put@a9cd3b1]" started-at="2022-09-19T16:02:41 IST" name="update" finished-at="2022-09-19T16:02:42 IST" duration-ms="1138" status="PASS">
          <reporter-output>
          </reporter-output>
        </test-method> <!-- update -->
      </class> <!-- Testcases.Put -->
      <class name="Testcases.LoginUnSuccessful">
        <test-method signature="f()[pri:0, instance:Testcases.LoginUnSuccessful@10e41621]" started-at="2022-09-19T16:02:32 IST" name="f" finished-at="2022-09-19T16:02:37 IST" duration-ms="4244" status="PASS">
          <reporter-output>
          </reporter-output>
        </test-method> <!-- f -->
      </class> <!-- Testcases.LoginUnSuccessful -->
      <class name="Testcases.GetListResourses">
        <test-method signature="getListResourses()[pri:0, instance:Testcases.GetListResourses@6e4784bc]" started-at="2022-09-19T16:02:26 IST" name="getListResourses" finished-at="2022-09-19T16:02:26 IST" duration-ms="530" status="PASS">
          <reporter-output>
          </reporter-output>
        </test-method> <!-- getListResourses -->
      </class> <!-- Testcases.GetListResourses -->
      <class name="Testcases.GetSingleUserNotFound">
        <test-method signature="getSingleUseNotFound()[pri:0, instance:Testcases.GetSingleUserNotFound@29626d54]" started-at="2022-09-19T16:02:25 IST" name="getSingleUseNotFound" finished-at="2022-09-19T16:02:25 IST" duration-ms="498" status="PASS">
          <reporter-output>
          </reporter-output>
        </test-method> <!-- getSingleUseNotFound -->
      </class> <!-- Testcases.GetSingleUserNotFound -->
      <class name="Testcases.LoginSuccessful">
        <test-method signature="loginSucessful()[pri:0, instance:Testcases.LoginSuccessful@19bb07ed]" started-at="2022-09-19T16:02:31 IST" name="loginSucessful" finished-at="2022-09-19T16:02:32 IST" duration-ms="1114" status="PASS">
          <reporter-output>
          </reporter-output>
        </test-method> <!-- loginSucessful -->
      </class> <!-- Testcases.LoginSuccessful -->
      <class name="Testcases.InvalidDelete">
        <test-method signature="deleteMethod()[pri:0, instance:Testcases.InvalidDelete@13e39c73]" started-at="2022-09-19T16:02:42 IST" name="deleteMethod" finished-at="2022-09-19T16:02:43 IST" duration-ms="865" status="PASS">
          <reporter-output>
          </reporter-output>
        </test-method> <!-- deleteMethod -->
      </class> <!-- Testcases.InvalidDelete -->
      <class name="Testcases.RegisterSuccessful">
        <test-method signature="registerSuccessful()[pri:0, instance:Testcases.RegisterSuccessful@353d0772]" started-at="2022-09-19T16:02:37 IST" name="registerSuccessful" finished-at="2022-09-19T16:02:38 IST" duration-ms="1065" status="PASS">
          <reporter-output>
          </reporter-output>
        </test-method> <!-- registerSuccessful -->
      </class> <!-- Testcases.RegisterSuccessful -->
      <class name="Testcases.GetListUser">
        <test-method signature="f()[pri:0, instance:Testcases.GetListUser@5a63f509]" started-at="2022-09-19T16:02:25 IST" name="f" finished-at="2022-09-19T16:02:26 IST" duration-ms="506" status="PASS">
          <reporter-output>
          </reporter-output>
        </test-method> <!-- f -->
      </class> <!-- Testcases.GetListUser -->
      <class name="Testcases.GetSingleUser">
        <test-method signature="getSingleUser()[pri:0, instance:Testcases.GetSingleUser@470f1802]" started-at="2022-09-19T16:02:23 IST" name="getSingleUser" finished-at="2022-09-19T16:02:25 IST" duration-ms="1628" status="PASS">
          <reporter-output>
          </reporter-output>
        </test-method> <!-- getSingleUser -->
      </class> <!-- Testcases.GetSingleUser -->
      <class name="Testcases.GetDelayResponse">
        <test-method signature="getDelayResponse()[pri:0, instance:Testcases.GetDelayResponse@4b0b0854]" started-at="2022-09-19T16:02:27 IST" name="getDelayResponse" finished-at="2022-09-19T16:02:31 IST" duration-ms="3972" status="PASS">
          <reporter-output>
          </reporter-output>
        </test-method> <!-- getDelayResponse -->
      </class> <!-- Testcases.GetDelayResponse -->
      <class name="Testcases.RegisterUnSuccessful">
        <test-method signature="registerUnSuccessful()[pri:0, instance:Testcases.RegisterUnSuccessful@2667f029]" started-at="2022-09-19T16:02:38 IST" name="registerUnSuccessful" finished-at="2022-09-19T16:02:39 IST" duration-ms="1021" status="PASS">
          <reporter-output>
          </reporter-output>
        </test-method> <!-- registerUnSuccessful -->
      </class> <!-- Testcases.RegisterUnSuccessful -->
      <class name="Testcases.Delete">
        <test-method signature="deleteMethod()[pri:0, instance:Testcases.Delete@57c758ac]" started-at="2022-09-19T16:02:40 IST" name="deleteMethod" finished-at="2022-09-19T16:02:41 IST" duration-ms="921" status="PASS">
          <reporter-output>
          </reporter-output>
        </test-method> <!-- deleteMethod -->
      </class> <!-- Testcases.Delete -->
      <class name="Testcases.Patch">
        <test-method signature="update()[pri:0, instance:Testcases.Patch@64cd705f]" started-at="2022-09-19T16:02:43 IST" name="update" finished-at="2022-09-19T16:02:44 IST" duration-ms="1074" status="PASS">
          <reporter-output>
          </reporter-output>
        </test-method> <!-- update -->
      </class> <!-- Testcases.Patch -->
      <class name="Testcases.Post">
        <test-method signature="postCreate()[pri:0, instance:Testcases.Post@67a20f67]" started-at="2022-09-19T16:02:39 IST" name="postCreate" finished-at="2022-09-19T16:02:40 IST" duration-ms="1136" status="PASS">
          <reporter-output>
          </reporter-output>
        </test-method> <!-- postCreate -->
      </class> <!-- Testcases.Post -->
    </test> <!-- TestRunner -->
  </suite> <!-- Suite -->
</testng-results>
